Using pre-set license

 COMMAND LINE ARGUMENTS:
/Applications/Unity/Unity.app/Contents/MacOS/Unity
-adb2
-batchMode
-noUpm
-name
AssetImportWorker0
-projectPath
/Users/wangweijie/Desktop/13747047_Assess3
-logFile
Logs/AssetImportWorker0.log
-srvPort
64417
Successfully changed project path to: /Users/wangweijie/Desktop/13747047_Assess3
/Users/wangweijie/Desktop/13747047_Assess3
Using Asset Import Pipeline V2.
Refreshing native plugins compatible for Editor in 41.07 ms, found 2 plugins.
Preloading 0 native plugins for Editor in 0.00 ms.
Initialize engine version: 2020.2.4f1 (becced5a802b)
[Subsystems] Discovering subsystems at path /Applications/Unity/Unity.app/Contents/Resources/UnitySubsystems
[Subsystems] Discovering subsystems at path /Users/wangweijie/Desktop/13747047_Assess3/Assets
GfxDevice: creating device client; threaded=0
2021-09-23 12:33:55.273 Unity[61095:7105795] Color LCD preferred device: Intel(R) Iris(TM) Plus Graphics 655 (low power)
2021-09-23 12:33:55.273 Unity[61095:7105795] Metal devices available: 1
2021-09-23 12:33:55.273 Unity[61095:7105795] 0: Intel(R) Iris(TM) Plus Graphics 655 (low power)
2021-09-23 12:33:55.274 Unity[61095:7105795] Using device Intel(R) Iris(TM) Plus Graphics 655 (low power)
Initializing Metal device caps: Intel(R) Iris(TM) Plus Graphics 655
Initialize mono
Mono path[0] = '/Applications/Unity/Unity.app/Contents/Managed'
Mono path[1] = '/Applications/Unity/Unity.app/Contents/MonoBleedingEdge/lib/mono/unityjit'
Mono config path = '/Applications/Unity/Unity.app/Contents/MonoBleedingEdge/etc'
Using monoOptions --debugger-agent=transport=dt_socket,embedding=1,server=y,suspend=n,address=127.0.0.1:56095
Begin MonoManager ReloadAssembly
Error scanning for extension ivy.xml files: System.UnauthorizedAccessException: Access to the path '/Applications/Unity/PlaybackEngines/WebGLSupport/BuildTools/Emscripten_Mac/node' is denied.
  at System.IO.__Error.WinIOError (System.Int32 errorCode, System.String maybeFullPath) [0x00129] in <9577ac7a62ef43179789031239ba8798>:0 
  at System.IO.FileSystemEnumerableIterator`1[TSource].HandleError (System.Int32 hr, System.String path) [0x00006] in <9577ac7a62ef43179789031239ba8798>:0 
  at System.IO.FileSystemEnumerableIterator`1[TSource].AddSearchableDirsToStack (System.IO.Directory+SearchData localSearchData) [0x00053] in <9577ac7a62ef43179789031239ba8798>:0 
  at System.IO.FileSystemEnumerableIterator`1[TSource].MoveNext () [0x0008e] in <9577ac7a62ef43179789031239ba8798>:0 
  at System.Collections.Generic.List`1[T]..ctor (System.Collections.Generic.IEnumerable`1[T] collection) [0x00077] in <9577ac7a62ef43179789031239ba8798>:0 
  at System.IO.Directory.InternalGetFileDirectoryNames (System.String path, System.String userPathOriginal, System.String searchPattern, System.Boolean includeFiles, System.Boolean includeDirs, System.IO.SearchOption searchOption, System.Boolean checkHost) [0x0000f] in <9577ac7a62ef43179789031239ba8798>:0 
  at System.IO.Directory.InternalGetFiles (System.String path, System.String searchPattern, System.IO.SearchOption searchOption) [0x00000] in <9577ac7a62ef43179789031239ba8798>:0 
  at System.IO.Directory.GetFiles (System.String path, System.String searchPattern, System.IO.SearchOption searchOption) [0x00038] in <9577ac7a62ef43179789031239ba8798>:0 
  at UnityEditor.Modules.ModuleManager.LoadLegacyExtensionsFromIvyFiles () [0x000a5] in /Users/bokken/buildslave/unity/build/Editor/Mono/Modules/ModuleManager.cs:253 
Registering precompiled unity dll's ...
Register platform support module: /Applications/Unity/PlaybackEngines/WebGLSupport/UnityEditor.WebGL.Extensions.dll
Register platform support module: /Applications/Unity/Unity.app/Contents/PlaybackEngines/MacStandaloneSupport/UnityEditor.OSXStandalone.Extensions.dll
Registered in 0.003381 seconds.
Native extension for OSXStandalone target not found
Native extension for WebGL target not found
Refreshing native plugins compatible for Editor in 46.50 ms, found 2 plugins.
Preloading 0 native plugins for Editor in 0.00 ms.
Invoked RoslynAnalysisRunner static constructor.
RoslynAnalysisRunner will not be running.
RoslynAnalysisRunner has terminated.
Mono: successfully reloaded assembly
- Completed reload, in  2.048 seconds
Platform modules already initialized, skipping
Registering precompiled user dll's ...
Registered in 0.001149 seconds.
Begin MonoManager ReloadAssembly
Native extension for OSXStandalone target not found
Native extension for WebGL target not found
Refreshing native plugins compatible for Editor in 37.22 ms, found 2 plugins.
Preloading 0 native plugins for Editor in 0.00 ms.
Invoked RoslynAnalysisRunner static constructor.
RoslynAnalysisRunner will not be running.
RoslynAnalysisRunner has terminated.
Mono: successfully reloaded assembly
- Completed reload, in  1.176 seconds
Platform modules already initialized, skipping
========================================================================
Worker process is ready to serve import requests
Launching external process: /Applications/Unity/Unity.app/Contents/Tools/UnityShaderCompiler
Launched and connected shader compiler UnityShaderCompiler after 0.03 seconds
Refreshing native plugins compatible for Editor in 0.38 ms, found 2 plugins.
Preloading 0 native plugins for Editor in 0.00 ms.
Unloading 1797 Unused Serialized files (Serialized files now loaded: 0)
System memory in use before: 142.2 MB.
System memory in use after: 142.1 MB.

Unloading 24 unused Assets to reduce memory usage. Loaded Objects now: 2238.
<<<<<<< HEAD
Total: 2.995147 ms (FindLiveObjects: 0.275599 ms CreateObjectMapping: 0.126843 ms MarkObjects: 2.459116 ms  DeleteObjects: 0.132644 ms)
=======
Total: 2.795915 ms (FindLiveObjects: 0.271409 ms CreateObjectMapping: 0.125255 ms MarkObjects: 2.265433 ms  DeleteObjects: 0.132842 ms)

========================================================================
Received Import Request.
  path: Assets/Scenes
  artifactKey: Guid(01ab8f2915a5f4a83b52b9bc016d547f) Importer(815301076,1909f56bfc062723c751e8b465ee728b)
Start importing Assets/Scenes using Guid(01ab8f2915a5f4a83b52b9bc016d547f) Importer(815301076,1909f56bfc062723c751e8b465ee728b)  -> (artifact id: 'e4981d45f1a1fe4222fe499b13680067') in 0.003887 seconds
  Import took 0.007167 seconds .

========================================================================
Received Import Request.
  Time since last request: 0.000645 seconds.
  path: Assets/Scenes/SampleScene.unity
  artifactKey: Guid(2cda990e2423bbf4892e6590ba056729) Importer(815301076,1909f56bfc062723c751e8b465ee728b)
Start importing Assets/Scenes/SampleScene.unity using Guid(2cda990e2423bbf4892e6590ba056729) Importer(815301076,1909f56bfc062723c751e8b465ee728b)  -> (artifact id: '709747ac962673ab5b16e669a9755bb9') in 0.010648 seconds
  Import took 0.013490 seconds .

========================================================================
Received Import Request.
  Time since last request: 6.757847 seconds.
  path: Assets/Scenes/Pacman.unity
  artifactKey: Guid(2cda990e2423bbf4892e6590ba056729) Importer(815301076,1909f56bfc062723c751e8b465ee728b)
Start importing Assets/Scenes/Pacman.unity using Guid(2cda990e2423bbf4892e6590ba056729) Importer(815301076,1909f56bfc062723c751e8b465ee728b)  -> (artifact id: 'c162a2f6fadc374d172ceb83b6975107') in 0.001915 seconds
  Import took 0.005250 seconds .

========================================================================
Received Import Request.
  Time since last request: 388.352123 seconds.
  path: Assets/Scenes/Pacman.unity
  artifactKey: Guid(2cda990e2423bbf4892e6590ba056729) Importer(815301076,1909f56bfc062723c751e8b465ee728b)
Start importing Assets/Scenes/Pacman.unity using Guid(2cda990e2423bbf4892e6590ba056729) Importer(815301076,1909f56bfc062723c751e8b465ee728b)  -> (artifact id: '5ba726758e498c6259caae17d0e696d2') in 0.006429 seconds
  Import took 0.025995 seconds .

========================================================================
Received Import Request.
  Time since last request: 0.007491 seconds.
  path: Assets/Scenes/Pacman.unity
  artifactKey: Guid(2cda990e2423bbf4892e6590ba056729) Importer(815301076,1909f56bfc062723c751e8b465ee728b)
Start importing Assets/Scenes/Pacman.unity using Guid(2cda990e2423bbf4892e6590ba056729) Importer(815301076,1909f56bfc062723c751e8b465ee728b)  -> (artifact id: '5ba726758e498c6259caae17d0e696d2') in 0.001215 seconds
  Import took 0.004508 seconds .

========================================================================
Received Import Request.
  Time since last request: 95.578468 seconds.
  path: Assets/Scenes/Pacman.unity
  artifactKey: Guid(2cda990e2423bbf4892e6590ba056729) Importer(815301076,1909f56bfc062723c751e8b465ee728b)
Start importing Assets/Scenes/Pacman.unity using Guid(2cda990e2423bbf4892e6590ba056729) Importer(815301076,1909f56bfc062723c751e8b465ee728b)  -> (artifact id: 'b4fb3cfd1421f285defe365425ad8cb5') in 0.002595 seconds
  Import took 0.007182 seconds .
<<<<<<< HEAD
>>>>>>> parent of c8dba33 (Slice pacman picture)
=======
>>>>>>> parent of c8dba33 (Slice pacman picture)

========================================================================
Received Import Request.
  Time since last request: 4120.723270 seconds.
  path: Assets/Sprites
  artifactKey: Guid(1e228217dbc604f07af0b09ac3830434) Importer(815301076,1909f56bfc062723c751e8b465ee728b)
Start importing Assets/Sprites using Guid(1e228217dbc604f07af0b09ac3830434) Importer(815301076,1909f56bfc062723c751e8b465ee728b)  -> (artifact id: 'daa7f7544144db7e667da508ab8f9591') in 0.015721 seconds
  Import took 0.067535 seconds .

========================================================================
Received Import Request.
  Time since last request: 8.291689 seconds.
  path: Assets/Sprites/Pacman.png
  artifactKey: Guid(7942b922b3cb94946ab05a9423903a82) Importer(815301076,1909f56bfc062723c751e8b465ee728b)
Start importing Assets/Sprites/Pacman.png using Guid(7942b922b3cb94946ab05a9423903a82) Importer(815301076,1909f56bfc062723c751e8b465ee728b)  -> (artifact id: '17b84011cd475af92f44d9a6536a7ae6') in 0.702252 seconds
  Import took 0.714454 seconds .

========================================================================
Received Import Request.
  Time since last request: 401.952730 seconds.
  path: Assets/Sprites/Pacman.png
  artifactKey: Guid(7942b922b3cb94946ab05a9423903a82) Importer(815301076,1909f56bfc062723c751e8b465ee728b)
Start importing Assets/Sprites/Pacman.png using Guid(7942b922b3cb94946ab05a9423903a82) Importer(815301076,1909f56bfc062723c751e8b465ee728b)  -> (artifact id: 'ead4dc030f2e40d537ac357870800547') in 0.057683 seconds
  Import took 0.080154 seconds .

========================================================================
Received Import Request.
  Time since last request: 237.312781 seconds.
  path: Assets/Sprites/Pacman.png
  artifactKey: Guid(7942b922b3cb94946ab05a9423903a82) Importer(815301076,1909f56bfc062723c751e8b465ee728b)
Start importing Assets/Sprites/Pacman.png using Guid(7942b922b3cb94946ab05a9423903a82) Importer(815301076,1909f56bfc062723c751e8b465ee728b)  -> (artifact id: 'bd52478392a24edbe32eb4a66b496d70') in 0.169328 seconds
  Import took 0.195499 seconds .

========================================================================
Received Import Request.
  Time since last request: 499.032023 seconds.
  path: Assets/Sprites/Pacman.png
  artifactKey: Guid(7942b922b3cb94946ab05a9423903a82) Importer(815301076,1909f56bfc062723c751e8b465ee728b)
Start importing Assets/Sprites/Pacman.png using Guid(7942b922b3cb94946ab05a9423903a82) Importer(815301076,1909f56bfc062723c751e8b465ee728b)  -> (artifact id: 'a002bd3b26f707707a8a59170e270c1e') in 0.147075 seconds
  Import took 0.156044 seconds .

========================================================================
Received Import Request.
  Time since last request: 121.186376 seconds.
  path: Assets/Sprites/Gost1
  artifactKey: Guid(7f4627c1655eb4325b4fc667654212f3) Importer(815301076,1909f56bfc062723c751e8b465ee728b)
Start importing Assets/Sprites/Gost1 using Guid(7f4627c1655eb4325b4fc667654212f3) Importer(815301076,1909f56bfc062723c751e8b465ee728b)  -> (artifact id: '7d116bec6f1e7d0d219a6a9933f141ac') in 0.002358 seconds
  Import took 0.006602 seconds .

========================================================================
Received Import Request.
  Time since last request: 0.003742 seconds.
  path: Assets/Sprites/Gost1
  artifactKey: Guid(7f4627c1655eb4325b4fc667654212f3) Importer(815301076,1909f56bfc062723c751e8b465ee728b)
Start importing Assets/Sprites/Gost1 using Guid(7f4627c1655eb4325b4fc667654212f3) Importer(815301076,1909f56bfc062723c751e8b465ee728b)  -> (artifact id: '7d116bec6f1e7d0d219a6a9933f141ac') in 0.001783 seconds
  Import took 0.006436 seconds .

