Using pre-set license

 COMMAND LINE ARGUMENTS:
/Applications/Unity/Unity.app/Contents/MacOS/Unity
-adb2
-batchMode
-noUpm
-name
AssetImportWorker0
-projectPath
/Users/wangweijie/Downloads/13747047_Assess3
-logFile
Logs/AssetImportWorker0.log
-srvPort
56323
Successfully changed project path to: /Users/wangweijie/Downloads/13747047_Assess3
/Users/wangweijie/Downloads/13747047_Assess3
Using Asset Import Pipeline V2.
Refreshing native plugins compatible for Editor in 41.00 ms, found 2 plugins.
Preloading 0 native plugins for Editor in 0.00 ms.
Initialize engine version: 2020.2.4f1 (becced5a802b)
[Subsystems] Discovering subsystems at path /Applications/Unity/Unity.app/Contents/Resources/UnitySubsystems
[Subsystems] Discovering subsystems at path /Users/wangweijie/Downloads/13747047_Assess3/Assets
GfxDevice: creating device client; threaded=0
2021-11-02 01:40:06.638 Unity[80148:4561124] Color LCD preferred device: Intel(R) Iris(TM) Plus Graphics 655 (low power)
2021-11-02 01:40:06.638 Unity[80148:4561124] Metal devices available: 1
2021-11-02 01:40:06.638 Unity[80148:4561124] 0: Intel(R) Iris(TM) Plus Graphics 655 (low power)
2021-11-02 01:40:06.639 Unity[80148:4561124] Using device Intel(R) Iris(TM) Plus Graphics 655 (low power)
Initializing Metal device caps: Intel(R) Iris(TM) Plus Graphics 655
Initialize mono
Mono path[0] = '/Applications/Unity/Unity.app/Contents/Managed'
Mono path[1] = '/Applications/Unity/Unity.app/Contents/MonoBleedingEdge/lib/mono/unityjit'
Mono config path = '/Applications/Unity/Unity.app/Contents/MonoBleedingEdge/etc'
Using monoOptions --debugger-agent=transport=dt_socket,embedding=1,server=y,suspend=n,address=127.0.0.1:56148
Begin MonoManager ReloadAssembly
Error scanning for extension ivy.xml files: System.UnauthorizedAccessException: Access to the path '/Applications/Unity/PlaybackEngines/WebGLSupport/BuildTools/Emscripten_Mac/node' is denied.
  at System.IO.__Error.WinIOError (System.Int32 errorCode, System.String maybeFullPath) [0x00129] in <9577ac7a62ef43179789031239ba8798>:0 
  at System.IO.FileSystemEnumerableIterator`1[TSource].HandleError (System.Int32 hr, System.String path) [0x00006] in <9577ac7a62ef43179789031239ba8798>:0 
  at System.IO.FileSystemEnumerableIterator`1[TSource].AddSearchableDirsToStack (System.IO.Directory+SearchData localSearchData) [0x00053] in <9577ac7a62ef43179789031239ba8798>:0 
  at System.IO.FileSystemEnumerableIterator`1[TSource].MoveNext () [0x0008e] in <9577ac7a62ef43179789031239ba8798>:0 
  at System.Collections.Generic.List`1[T]..ctor (System.Collections.Generic.IEnumerable`1[T] collection) [0x00077] in <9577ac7a62ef43179789031239ba8798>:0 
  at System.IO.Directory.InternalGetFileDirectoryNames (System.String path, System.String userPathOriginal, System.String searchPattern, System.Boolean includeFiles, System.Boolean includeDirs, System.IO.SearchOption searchOption, System.Boolean checkHost) [0x0000f] in <9577ac7a62ef43179789031239ba8798>:0 
  at System.IO.Directory.InternalGetFiles (System.String path, System.String searchPattern, System.IO.SearchOption searchOption) [0x00000] in <9577ac7a62ef43179789031239ba8798>:0 
  at System.IO.Directory.GetFiles (System.String path, System.String searchPattern, System.IO.SearchOption searchOption) [0x00038] in <9577ac7a62ef43179789031239ba8798>:0 
  at UnityEditor.Modules.ModuleManager.LoadLegacyExtensionsFromIvyFiles () [0x000a5] in /Users/bokken/buildslave/unity/build/Editor/Mono/Modules/ModuleManager.cs:253 
Registering precompiled unity dll's ...
Register platform support module: /Applications/Unity/PlaybackEngines/WebGLSupport/UnityEditor.WebGL.Extensions.dll
Register platform support module: /Applications/Unity/Unity.app/Contents/PlaybackEngines/MacStandaloneSupport/UnityEditor.OSXStandalone.Extensions.dll
Registered in 0.002640 seconds.
Native extension for OSXStandalone target not found
Native extension for WebGL target not found
Refreshing native plugins compatible for Editor in 39.78 ms, found 2 plugins.
Preloading 0 native plugins for Editor in 0.00 ms.
Invoked RoslynAnalysisRunner static constructor.
RoslynAnalysisRunner will not be running.
RoslynAnalysisRunner has terminated.
Mono: successfully reloaded assembly
- Completed reload, in  1.818 seconds
Platform modules already initialized, skipping
Registering precompiled user dll's ...
Registered in 0.001471 seconds.
Begin MonoManager ReloadAssembly
Native extension for OSXStandalone target not found
Native extension for WebGL target not found
Refreshing native plugins compatible for Editor in 45.52 ms, found 2 plugins.
Preloading 0 native plugins for Editor in 0.00 ms.
Invoked RoslynAnalysisRunner static constructor.
RoslynAnalysisRunner will not be running.
RoslynAnalysisRunner has terminated.
Mono: successfully reloaded assembly
- Completed reload, in  1.164 seconds
Platform modules already initialized, skipping
========================================================================
Worker process is ready to serve import requests
Launching external process: /Applications/Unity/Unity.app/Contents/Tools/UnityShaderCompiler
Launched and connected shader compiler UnityShaderCompiler after 0.01 seconds
Refreshing native plugins compatible for Editor in 0.40 ms, found 2 plugins.
Preloading 0 native plugins for Editor in 0.00 ms.
Unloading 1821 Unused Serialized files (Serialized files now loaded: 0)
System memory in use before: 143.6 MB.
System memory in use after: 143.7 MB.

Unloading 19 unused Assets to reduce memory usage. Loaded Objects now: 2268.
Total: 2.543219 ms (FindLiveObjects: 0.274790 ms CreateObjectMapping: 0.105708 ms MarkObjects: 2.088344 ms  DeleteObjects: 0.073027 ms)

========================================================================
Received Import Request.
  path: Assets/Scenes/StartScene.unity
  artifactKey: Guid(86c0a5d0ffea74ec5bb73d892932c33f) Importer(815301076,1909f56bfc062723c751e8b465ee728b)
Start importing Assets/Scenes/StartScene.unity using Guid(86c0a5d0ffea74ec5bb73d892932c33f) Importer(815301076,1909f56bfc062723c751e8b465ee728b)  -> (artifact id: '3407877532d0b45631a4f28f6aae3355') in 0.019701 seconds
  Import took 0.025467 seconds .

========================================================================
Received Import Request.
  Time since last request: 251.118514 seconds.
  path: Assets/Prefabs/Cherry.prefab
  artifactKey: Guid(0e10c9ae8f45e4e9d8e5e3b7fa7f0c50) Importer(815301076,1909f56bfc062723c751e8b465ee728b)
Start importing Assets/Prefabs/Cherry.prefab using Guid(0e10c9ae8f45e4e9d8e5e3b7fa7f0c50) Importer(815301076,1909f56bfc062723c751e8b465ee728b)  -> (artifact id: '3b4fba980c4f9bade617d7fd88e44dd0') in 0.621495 seconds
  Import took 0.626056 seconds .

========================================================================
Received Import Request.
  Time since last request: 0.000354 seconds.
  path: Assets/Prefabs/sprite_map5.prefab
  artifactKey: Guid(ff5bffb6425af486fbce4bcae96c165c) Importer(815301076,1909f56bfc062723c751e8b465ee728b)
Start importing Assets/Prefabs/sprite_map5.prefab using Guid(ff5bffb6425af486fbce4bcae96c165c) Importer(815301076,1909f56bfc062723c751e8b465ee728b)  -> (artifact id: '6778940a56d89ce884086588ecc080a7') in 0.012857 seconds
  Import took 0.016207 seconds .

========================================================================
Received Import Request.
  Time since last request: 0.000186 seconds.
  path: Assets/Prefabs/sprite_map7.prefab
  artifactKey: Guid(66609f073836442229860bf88dfb37aa) Importer(815301076,1909f56bfc062723c751e8b465ee728b)
Start importing Assets/Prefabs/sprite_map7.prefab using Guid(66609f073836442229860bf88dfb37aa) Importer(815301076,1909f56bfc062723c751e8b465ee728b)  -> (artifact id: '329755063eaf6ad93c0df4a3c8478212') in 0.011166 seconds
  Import took 0.014345 seconds .

========================================================================
Received Import Request.
  Time since last request: 0.000168 seconds.
  path: Assets/Prefabs/Map.prefab
  artifactKey: Guid(0060c03f47bb64a00b2cd38c7451ca0e) Importer(815301076,1909f56bfc062723c751e8b465ee728b)
Start importing Assets/Prefabs/Map.prefab using Guid(0060c03f47bb64a00b2cd38c7451ca0e) Importer(815301076,1909f56bfc062723c751e8b465ee728b)  -> (artifact id: '512190af618a8d5694d3540127349f0c') in 0.015880 seconds
  Import took 0.020055 seconds .

========================================================================
Received Import Request.
  Time since last request: 0.000153 seconds.
  path: Assets/Prefabs/sprite_map0.prefab
  artifactKey: Guid(7c1b378bbd9944c1598e3c86b4f27efe) Importer(815301076,1909f56bfc062723c751e8b465ee728b)
Start importing Assets/Prefabs/sprite_map0.prefab using Guid(7c1b378bbd9944c1598e3c86b4f27efe) Importer(815301076,1909f56bfc062723c751e8b465ee728b)  -> (artifact id: '644af7e08f0bd5b2bcdc0d5789ac3f22') in 0.014832 seconds
  Import took 0.018544 seconds .

========================================================================
Received Import Request.
  Time since last request: 0.000165 seconds.
  path: Assets/Prefabs/PowerPellet.prefab
  artifactKey: Guid(10e7f6e41ae894085ad2e03a4042bc40) Importer(815301076,1909f56bfc062723c751e8b465ee728b)
Start importing Assets/Prefabs/PowerPellet.prefab using Guid(10e7f6e41ae894085ad2e03a4042bc40) Importer(815301076,1909f56bfc062723c751e8b465ee728b)  -> (artifact id: 'f278fd42e0185e88461b1d71533346c8') in 0.012854 seconds
  Import took 0.016374 seconds .

========================================================================
Received Import Request.
  Time since last request: 0.000168 seconds.
  path: Assets/Prefabs/sprite_map1.prefab
  artifactKey: Guid(53adf1bcb89c744d1bd0400c094d8a54) Importer(815301076,1909f56bfc062723c751e8b465ee728b)
Start importing Assets/Prefabs/sprite_map1.prefab using Guid(53adf1bcb89c744d1bd0400c094d8a54) Importer(815301076,1909f56bfc062723c751e8b465ee728b)  -> (artifact id: '15276fe4bff929543e06b879ff3246d0') in 0.009920 seconds
  Import took 0.013896 seconds .

========================================================================
Received Import Request.
  Time since last request: 0.000178 seconds.
  path: Assets/Prefabs/sprite_map0.prefab
  artifactKey: Guid(7c1b378bbd9944c1598e3c86b4f27efe) Importer(815301076,1909f56bfc062723c751e8b465ee728b)
Start importing Assets/Prefabs/sprite_map0.prefab using Guid(7c1b378bbd9944c1598e3c86b4f27efe) Importer(815301076,1909f56bfc062723c751e8b465ee728b)  -> (artifact id: '644af7e08f0bd5b2bcdc0d5789ac3f22') in 0.008979 seconds
  Import took 0.012570 seconds .

========================================================================
Received Import Request.
  Time since last request: 0.000231 seconds.
  path: Assets/Prefabs/sprite_map2.prefab
  artifactKey: Guid(ddb5b3de23abb4769a6327a5816e9edc) Importer(815301076,1909f56bfc062723c751e8b465ee728b)
Start importing Assets/Prefabs/sprite_map2.prefab using Guid(ddb5b3de23abb4769a6327a5816e9edc) Importer(815301076,1909f56bfc062723c751e8b465ee728b)  -> (artifact id: '1b34b2d54c8eb79ab759db77a9802834') in 0.015392 seconds
  Import took 0.021082 seconds .

========================================================================
Received Import Request.
  Time since last request: 0.000255 seconds.
  path: Assets/Prefabs/sprite_map1.prefab
  artifactKey: Guid(53adf1bcb89c744d1bd0400c094d8a54) Importer(815301076,1909f56bfc062723c751e8b465ee728b)
Start importing Assets/Prefabs/sprite_map1.prefab using Guid(53adf1bcb89c744d1bd0400c094d8a54) Importer(815301076,1909f56bfc062723c751e8b465ee728b)  -> (artifact id: '15276fe4bff929543e06b879ff3246d0') in 0.010745 seconds
  Import took 0.015093 seconds .

========================================================================
Received Import Request.
  Time since last request: 0.000288 seconds.
  path: Assets/Prefabs/sprite_map6.prefab
  artifactKey: Guid(7c5804cafb85d48c2867e3e1250c5e6d) Importer(815301076,1909f56bfc062723c751e8b465ee728b)
Start importing Assets/Prefabs/sprite_map6.prefab using Guid(7c5804cafb85d48c2867e3e1250c5e6d) Importer(815301076,1909f56bfc062723c751e8b465ee728b)  -> (artifact id: '1be36fae2b45e11718680049832a06ad') in 0.011909 seconds
  Import took 0.016364 seconds .

========================================================================
Received Import Request.
  Time since last request: 0.000180 seconds.
  path: Assets/Prefabs/sprite_map4.prefab
  artifactKey: Guid(270d940a5ad474eb6a8c76d59193e2f1) Importer(815301076,1909f56bfc062723c751e8b465ee728b)
Start importing Assets/Prefabs/sprite_map4.prefab using Guid(270d940a5ad474eb6a8c76d59193e2f1) Importer(815301076,1909f56bfc062723c751e8b465ee728b)  -> (artifact id: 'c43993d0063fde26af84282839ed0058') in 0.009922 seconds
  Import took 0.014174 seconds .

========================================================================
Received Import Request.
  Time since last request: 0.000177 seconds.
  path: Assets/Prefabs/sprite_map3.prefab
  artifactKey: Guid(66a778da55bb8427d946e98da7fea7a3) Importer(815301076,1909f56bfc062723c751e8b465ee728b)
Start importing Assets/Prefabs/sprite_map3.prefab using Guid(66a778da55bb8427d946e98da7fea7a3) Importer(815301076,1909f56bfc062723c751e8b465ee728b)  -> (artifact id: '185608e5ae15b9020f02d86a05bbf1b9') in 0.008119 seconds
  Import took 0.012365 seconds .

========================================================================
Received Import Request.
  Time since last request: 0.013961 seconds.
  path: Assets/Prefabs/sprite_map4.prefab
  artifactKey: Guid(270d940a5ad474eb6a8c76d59193e2f1) Importer(815301076,1909f56bfc062723c751e8b465ee728b)
Start importing Assets/Prefabs/sprite_map4.prefab using Guid(270d940a5ad474eb6a8c76d59193e2f1) Importer(815301076,1909f56bfc062723c751e8b465ee728b)  -> (artifact id: 'c43993d0063fde26af84282839ed0058') in 0.007887 seconds
  Import took 0.011686 seconds .

========================================================================
Received Import Request.
  Time since last request: 1.701400 seconds.
  path: Assets/MapPalette/Beans.asset
  artifactKey: Guid(b25684825fe19400d87a89cc5111403d) Importer(815301076,1909f56bfc062723c751e8b465ee728b)
Start importing Assets/MapPalette/Beans.asset using Guid(b25684825fe19400d87a89cc5111403d) Importer(815301076,1909f56bfc062723c751e8b465ee728b)  -> (artifact id: '99f5f8ffd4ac2b4d0ace6c0fe21c8f66') in 0.235054 seconds
  Import took 0.239110 seconds .

========================================================================
Received Import Request.
  Time since last request: 0.000162 seconds.
  path: Assets/MapPalette/sprite_map2.asset
  artifactKey: Guid(80c07cf3442b44dc1b7edf80e5746010) Importer(815301076,1909f56bfc062723c751e8b465ee728b)
Start importing Assets/MapPalette/sprite_map2.asset using Guid(80c07cf3442b44dc1b7edf80e5746010) Importer(815301076,1909f56bfc062723c751e8b465ee728b)  -> (artifact id: 'b254ac3f483685d3dd84c24748abd308') in 0.005655 seconds
  Import took 0.009093 seconds .

========================================================================
Received Import Request.
  Time since last request: 0.000220 seconds.
  path: Assets/MapPalette/Map_Platte.prefab
  artifactKey: Guid(68d4cbf2e7feb437d8f752c3a2e7518c) Importer(815301076,1909f56bfc062723c751e8b465ee728b)
Start importing Assets/MapPalette/Map_Platte.prefab using Guid(68d4cbf2e7feb437d8f752c3a2e7518c) Importer(815301076,1909f56bfc062723c751e8b465ee728b)  -> (artifact id: 'a3973988c87c53157671395887be4b91') in 0.003750 seconds
  Import took 0.007707 seconds .

========================================================================
Received Import Request.
  Time since last request: 0.000206 seconds.
  path: Assets/MapPalette/sprite_map5.asset
  artifactKey: Guid(f491aaa2fcfaf4cf89406d5bf576a1ee) Importer(815301076,1909f56bfc062723c751e8b465ee728b)
Start importing Assets/MapPalette/sprite_map5.asset using Guid(f491aaa2fcfaf4cf89406d5bf576a1ee) Importer(815301076,1909f56bfc062723c751e8b465ee728b)  -> (artifact id: 'ab5ff1aa8a8c2f0d5f7df8a685888b08') in 0.007769 seconds
  Import took 0.011997 seconds .

========================================================================
Received Import Request.
  Time since last request: 0.000253 seconds.
  path: Assets/MapPalette/Superanimated.asset
  artifactKey: Guid(bf5777f6daa7b4025899e9d15e89fc93) Importer(815301076,1909f56bfc062723c751e8b465ee728b)
Start importing Assets/MapPalette/Superanimated.asset using Guid(bf5777f6daa7b4025899e9d15e89fc93) Importer(815301076,1909f56bfc062723c751e8b465ee728b)  -> (artifact id: 'da03dce59fc4dfecd44dd67f19f6209b') in 0.003022 seconds
  Import took 0.007168 seconds .

========================================================================
Received Import Request.
  Time since last request: 0.000166 seconds.
  path: Assets/MapPalette/sprite_map7.asset
  artifactKey: Guid(0187d24f96abc4aad865cff5592f1035) Importer(815301076,1909f56bfc062723c751e8b465ee728b)
Start importing Assets/MapPalette/sprite_map7.asset using Guid(0187d24f96abc4aad865cff5592f1035) Importer(815301076,1909f56bfc062723c751e8b465ee728b)  -> (artifact id: 'c0058698265558466223cc08362154f6') in 0.008206 seconds
  Import took 0.012475 seconds .

========================================================================
Received Import Request.
  Time since last request: 0.000175 seconds.
  path: Assets/MapPalette/sprite_map0.asset
  artifactKey: Guid(a862287018c164b658d661bc99a052cf) Importer(815301076,1909f56bfc062723c751e8b465ee728b)
Start importing Assets/MapPalette/sprite_map0.asset using Guid(a862287018c164b658d661bc99a052cf) Importer(815301076,1909f56bfc062723c751e8b465ee728b)  -> (artifact id: '1fb7e72e4417fa2d55e83af32fded211') in 0.006390 seconds
  Import took 0.010133 seconds .

========================================================================
Received Import Request.
  Time since last request: 0.000211 seconds.
  path: Assets/MapPalette/sprite_map6.asset
  artifactKey: Guid(0b0faa79fe43748afb63dfffd777dce5) Importer(815301076,1909f56bfc062723c751e8b465ee728b)
Start importing Assets/MapPalette/sprite_map6.asset using Guid(0b0faa79fe43748afb63dfffd777dce5) Importer(815301076,1909f56bfc062723c751e8b465ee728b)  -> (artifact id: '2ce13d1326f911d63a0e60e5f63d7012') in 0.007010 seconds
  Import took 0.012217 seconds .

========================================================================
Received Import Request.
  Time since last request: 0.000159 seconds.
  path: Assets/MapPalette/sprite_map1.asset
  artifactKey: Guid(d6eec10f3efa640f294214bf0e02829a) Importer(815301076,1909f56bfc062723c751e8b465ee728b)
Start importing Assets/MapPalette/sprite_map1.asset using Guid(d6eec10f3efa640f294214bf0e02829a) Importer(815301076,1909f56bfc062723c751e8b465ee728b)  -> (artifact id: '85e43777ceb6dc00e9b2a46d3e03f290') in 0.008191 seconds
  Import took 0.012317 seconds .

========================================================================
Received Import Request.
  Time since last request: 0.000188 seconds.
  path: Assets/MapPalette/sprite_map3.asset
  artifactKey: Guid(7863e4df34913472cb369f2d0c2e171e) Importer(815301076,1909f56bfc062723c751e8b465ee728b)
Start importing Assets/MapPalette/sprite_map3.asset using Guid(7863e4df34913472cb369f2d0c2e171e) Importer(815301076,1909f56bfc062723c751e8b465ee728b)  -> (artifact id: 'e41a04a58860cc047365e1ddad2a3cc9') in 0.006213 seconds
  Import took 0.009880 seconds .

========================================================================
Received Import Request.
  Time since last request: 0.000228 seconds.
  path: Assets/MapPalette/sprite_map4.asset
  artifactKey: Guid(9f6d03478cd98405dadc85d0b979699a) Importer(815301076,1909f56bfc062723c751e8b465ee728b)
Start importing Assets/MapPalette/sprite_map4.asset using Guid(9f6d03478cd98405dadc85d0b979699a) Importer(815301076,1909f56bfc062723c751e8b465ee728b)  -> (artifact id: 'f0d6cf0a21e42ec11a85bc003c55a9d9') in 0.006412 seconds
  Import took 0.010566 seconds .

========================================================================
Received Import Request.
  Time since last request: 0.007289 seconds.
  path: Assets/MapPalette/sprite_map3.asset
  artifactKey: Guid(7863e4df34913472cb369f2d0c2e171e) Importer(815301076,1909f56bfc062723c751e8b465ee728b)
Start importing Assets/MapPalette/sprite_map3.asset using Guid(7863e4df34913472cb369f2d0c2e171e) Importer(815301076,1909f56bfc062723c751e8b465ee728b)  -> (artifact id: 'e41a04a58860cc047365e1ddad2a3cc9') in 0.007562 seconds
  Import took 0.010461 seconds .

========================================================================
Received Import Request.
  Time since last request: 2.353221 seconds.
  path: Assets/Image/Walls
  artifactKey: Guid(2d5622a92c66a4b8198c371434b264b1) Importer(815301076,1909f56bfc062723c751e8b465ee728b)
Start importing Assets/Image/Walls using Guid(2d5622a92c66a4b8198c371434b264b1) Importer(815301076,1909f56bfc062723c751e8b465ee728b)  -> (artifact id: 'da425592fe2a97f138ad7c6f925a7f90') in 0.000821 seconds
  Import took 0.003849 seconds .

========================================================================
Received Import Request.
  Time since last request: 0.504937 seconds.
  path: Assets/Image/Pacman
  artifactKey: Guid(f2a0e6afbc50544eab4174ff6d8a7cee) Importer(815301076,1909f56bfc062723c751e8b465ee728b)
Start importing Assets/Image/Pacman using Guid(f2a0e6afbc50544eab4174ff6d8a7cee) Importer(815301076,1909f56bfc062723c751e8b465ee728b)  -> (artifact id: 'bb9da8c78acc958767a3e509280f9aef') in 0.002148 seconds
  Import took 0.006436 seconds .

========================================================================
Received Import Request.
  Time since last request: 0.953241 seconds.
  path: Assets/Audio Clips/CollidesWall.aiff
  artifactKey: Guid(b24efa32670324e3983e5f7f7c2957bd) Importer(815301076,1909f56bfc062723c751e8b465ee728b)
Start importing Assets/Audio Clips/CollidesWall.aiff using Guid(b24efa32670324e3983e5f7f7c2957bd) Importer(815301076,1909f56bfc062723c751e8b465ee728b)  -> (artifact id: '0e08798589197bfce7d5a2e3150486b1') in 0.465956 seconds
  Import took 0.470370 seconds .

========================================================================
Received Import Request.
  Time since last request: 0.000265 seconds.
  path: Assets/Audio Clips/GhostDealth.wav
  artifactKey: Guid(ec367c98ae5664270bc8e6e2e67e4523) Importer(815301076,1909f56bfc062723c751e8b465ee728b)
Start importing Assets/Audio Clips/GhostDealth.wav using Guid(ec367c98ae5664270bc8e6e2e67e4523) Importer(815301076,1909f56bfc062723c751e8b465ee728b)  -> (artifact id: 'f651f1c4376fd73b7222c93d70670f3c') in 0.475441 seconds
  Import took 0.479325 seconds .

========================================================================
Received Import Request.
  Time since last request: 0.000181 seconds.
  path: Assets/Audio Clips/NotEating.wav
  artifactKey: Guid(b59ce5216234d43ea93c4d32277dc447) Importer(815301076,1909f56bfc062723c751e8b465ee728b)
Start importing Assets/Audio Clips/NotEating.wav using Guid(b59ce5216234d43ea93c4d32277dc447) Importer(815301076,1909f56bfc062723c751e8b465ee728b)  -> (artifact id: '4ccd5c0d916d856708bab1e20acd5313') in 0.032367 seconds
  Import took 0.035867 seconds .

========================================================================
Received Import Request.
  Time since last request: 0.000186 seconds.
  path: Assets/Audio Clips/PacmanDeath.flac
  artifactKey: Guid(eef09c4e4c7ef480b8b59d9abd5fa3a8) Importer(815301076,1909f56bfc062723c751e8b465ee728b)
Start importing Assets/Audio Clips/PacmanDeath.flac using Guid(eef09c4e4c7ef480b8b59d9abd5fa3a8) Importer(815301076,1909f56bfc062723c751e8b465ee728b)  -> (artifact id: 'ef627af67cae42ff5b04ec0326cc9352') in 0.446481 seconds
  Import took 0.449760 seconds .

========================================================================
Received Import Request.
  Time since last request: 0.000279 seconds.
  path: Assets/Audio Clips/Eating.wav
  artifactKey: Guid(b74c10cd3afef43a69ebe10d96fafa06) Importer(815301076,1909f56bfc062723c751e8b465ee728b)
Start importing Assets/Audio Clips/Eating.wav using Guid(b74c10cd3afef43a69ebe10d96fafa06) Importer(815301076,1909f56bfc062723c751e8b465ee728b)  -> (artifact id: '12c8af0ece2ce73840b926ec80fc44a5') in 0.007962 seconds
  Import took 0.011260 seconds .

========================================================================
Received Import Request.
  Time since last request: 0.000215 seconds.
  path: Assets/Audio Clips/GameIntroBackgroundMusic.wav
  artifactKey: Guid(c7de831b6e3e54aecb4ed3dffbfb62e7) Importer(815301076,1909f56bfc062723c751e8b465ee728b)
Start importing Assets/Audio Clips/GameIntroBackgroundMusic.wav using Guid(c7de831b6e3e54aecb4ed3dffbfb62e7) Importer(815301076,1909f56bfc062723c751e8b465ee728b)  -> (artifact id: 'edc2c7684ed37175842194c7c001fa32') in 0.009063 seconds
  Import took 0.012686 seconds .

========================================================================
Received Import Request.
  Time since last request: 0.000156 seconds.
  path: Assets/Audio Clips/NormalStateBackgroundMusic.wav
  artifactKey: Guid(5dd3a728992634dcba12eea1b9b4a4f7) Importer(815301076,1909f56bfc062723c751e8b465ee728b)
Start importing Assets/Audio Clips/NormalStateBackgroundMusic.wav using Guid(5dd3a728992634dcba12eea1b9b4a4f7) Importer(815301076,1909f56bfc062723c751e8b465ee728b)  -> (artifact id: '3e889c78c1483543d2ec0f53f50f8e24') in 0.006972 seconds
  Import took 0.010362 seconds .

========================================================================
Received Import Request.
  Time since last request: 0.000158 seconds.
  path: Assets/Audio Clips/ScaredState.mp3
  artifactKey: Guid(a2fcab31ca967448ea879bd6a3da2afa) Importer(815301076,1909f56bfc062723c751e8b465ee728b)
Start importing Assets/Audio Clips/ScaredState.mp3 using Guid(a2fcab31ca967448ea879bd6a3da2afa) Importer(815301076,1909f56bfc062723c751e8b465ee728b)  -> (artifact id: 'd10fcd7ead482bc36c6f7d4a1b2b881a') in 0.465109 seconds
  Import took 0.468923 seconds .

========================================================================
Received Import Request.
  Time since last request: 9.684229 seconds.
  path: Assets/Sprites/Map_Sprites
  artifactKey: Guid(fb0bbe12ed9cb444f8e69c8197abc5e2) Importer(815301076,1909f56bfc062723c751e8b465ee728b)
Start importing Assets/Sprites/Map_Sprites using Guid(fb0bbe12ed9cb444f8e69c8197abc5e2) Importer(815301076,1909f56bfc062723c751e8b465ee728b)  -> (artifact id: '91a8b50a5625387d88d2f096718e2ae5') in 0.001770 seconds
  Import took 0.005982 seconds .

========================================================================
Received Import Request.
  Time since last request: 3.101216 seconds.
  path: Assets/Sprites/Pacman
  artifactKey: Guid(7ec7fb2cc399140c1925966e35313c7a) Importer(815301076,1909f56bfc062723c751e8b465ee728b)
Start importing Assets/Sprites/Pacman using Guid(7ec7fb2cc399140c1925966e35313c7a) Importer(815301076,1909f56bfc062723c751e8b465ee728b)  -> (artifact id: 'b3c992cb32b8f6330bb3be0c375c910a') in 0.001088 seconds
  Import took 0.005235 seconds .

========================================================================
Received Prepare
Registering precompiled user dll's ...
Registered in 0.002085 seconds.
Begin MonoManager ReloadAssembly
Native extension for OSXStandalone target not found
Native extension for WebGL target not found
Refreshing native plugins compatible for Editor in 0.46 ms, found 2 plugins.
Preloading 0 native plugins for Editor in 0.00 ms.
Invoked RoslynAnalysisRunner static constructor.
RoslynAnalysisRunner will not be running.
RoslynAnalysisRunner has terminated.
Mono: successfully reloaded assembly
- Completed reload, in  1.140 seconds
Platform modules already initialized, skipping
Refreshing native plugins compatible for Editor in 0.38 ms, found 2 plugins.
Preloading 0 native plugins for Editor in 0.00 ms.
Unloading 1811 Unused Serialized files (Serialized files now loaded: 0)
System memory in use before: 172.9 MB.
System memory in use after: 173.0 MB.

Unloading 7 unused Assets to reduce memory usage. Loaded Objects now: 2284.
Total: 2.422021 ms (FindLiveObjects: 0.318532 ms CreateObjectMapping: 0.068957 ms MarkObjects: 2.013476 ms  DeleteObjects: 0.020017 ms)

========================================================================
Received Import Request.
  Time since last request: 931.614698 seconds.
  path: Assets/Sprites/animator_border.png
  artifactKey: Guid(eeaa10ae6e5da49caa8f4e19ab87e42b) Importer(815301076,1909f56bfc062723c751e8b465ee728b)
Start importing Assets/Sprites/animator_border.png using Guid(eeaa10ae6e5da49caa8f4e19ab87e42b) Importer(815301076,1909f56bfc062723c751e8b465ee728b)  -> (artifact id: '319a7cfa8f5a23135d907020c81b7395') in 0.615358 seconds
  Import took 0.634778 seconds .

========================================================================
Received Import Request.
  Time since last request: 179.176793 seconds.
  path: Assets/Sprites/animator_border (1).png
  artifactKey: Guid(2353ce8b078b4481ca1b6fa5b59fd6db) Importer(815301076,1909f56bfc062723c751e8b465ee728b)
Start importing Assets/Sprites/animator_border (1).png using Guid(2353ce8b078b4481ca1b6fa5b59fd6db) Importer(815301076,1909f56bfc062723c751e8b465ee728b)  -> (artifact id: '35e23860b33b224e94ad64571894ad1e') in 0.050413 seconds
  Import took 0.054401 seconds .

========================================================================
Received Import Request.
  Time since last request: 29.541310 seconds.
  path: Assets/Sprites/animator_border (1).png
  artifactKey: Guid(2353ce8b078b4481ca1b6fa5b59fd6db) Importer(815301076,1909f56bfc062723c751e8b465ee728b)
Start importing Assets/Sprites/animator_border (1).png using Guid(2353ce8b078b4481ca1b6fa5b59fd6db) Importer(815301076,1909f56bfc062723c751e8b465ee728b)  -> (artifact id: 'bb9428d5b20ce32e59a5a8a6e77abda6') in 0.029036 seconds
  Import took 0.033368 seconds .

========================================================================
Received Import Request.
  Time since last request: 0.001773 seconds.
  path: Assets/Sprites/animator_border (1).png
  artifactKey: Guid(2353ce8b078b4481ca1b6fa5b59fd6db) Importer(815301076,1909f56bfc062723c751e8b465ee728b)
Start importing Assets/Sprites/animator_border (1).png using Guid(2353ce8b078b4481ca1b6fa5b59fd6db) Importer(815301076,1909f56bfc062723c751e8b465ee728b)  -> (artifact id: 'bb9428d5b20ce32e59a5a8a6e77abda6') in 0.010780 seconds
  Import took 0.014132 seconds .

========================================================================
Received Import Request.
  Time since last request: 62.500193 seconds.
  path: Assets/Sprites/animator_border (1).png
  artifactKey: Guid(2353ce8b078b4481ca1b6fa5b59fd6db) Importer(815301076,1909f56bfc062723c751e8b465ee728b)
Start importing Assets/Sprites/animator_border (1).png using Guid(2353ce8b078b4481ca1b6fa5b59fd6db) Importer(815301076,1909f56bfc062723c751e8b465ee728b)  -> (artifact id: '71770d09fec130f64f84b5ccd3046c77') in 0.018314 seconds
  Import took 0.022521 seconds .

========================================================================
Received Import Request.
  Time since last request: 0.016186 seconds.
  path: Assets/Sprites/animator_border (1).png
  artifactKey: Guid(2353ce8b078b4481ca1b6fa5b59fd6db) Importer(815301076,1909f56bfc062723c751e8b465ee728b)
Start importing Assets/Sprites/animator_border (1).png using Guid(2353ce8b078b4481ca1b6fa5b59fd6db) Importer(815301076,1909f56bfc062723c751e8b465ee728b)  -> (artifact id: '71770d09fec130f64f84b5ccd3046c77') in 0.017292 seconds
  Import took 0.021529 seconds .

========================================================================
Received Import Request.
  Time since last request: 190.419910 seconds.
  path: Assets/Sprites/animator_border (1).png
  artifactKey: Guid(2353ce8b078b4481ca1b6fa5b59fd6db) Importer(815301076,1909f56bfc062723c751e8b465ee728b)
Start importing Assets/Sprites/animator_border (1).png using Guid(2353ce8b078b4481ca1b6fa5b59fd6db) Importer(815301076,1909f56bfc062723c751e8b465ee728b)  -> (artifact id: '36bbafe122442d95bab79ab5bdcf3b40') in 0.039799 seconds
  Import took 0.044447 seconds .

========================================================================
Received Import Request.
  Time since last request: 64.023694 seconds.
  path: ProjectSettings/TagManager.asset
  artifactKey: Guid(00000000000000003000000000000000) Importer(815301076,1909f56bfc062723c751e8b465ee728b)
Start importing ProjectSettings/TagManager.asset using Guid(00000000000000003000000000000000) Importer(815301076,1909f56bfc062723c751e8b465ee728b)  -> (artifact id: 'b68ef9e5fb3aa42b3d23585ad842fec6') in 0.013814 seconds
  Import took 0.018709 seconds .

========================================================================
Received Import Request.
  Time since last request: 220.990323 seconds.
  path: Assets/Sprites/animator_border (1).png
  artifactKey: Guid(2353ce8b078b4481ca1b6fa5b59fd6db) Importer(815301076,1909f56bfc062723c751e8b465ee728b)
Start importing Assets/Sprites/animator_border (1).png using Guid(2353ce8b078b4481ca1b6fa5b59fd6db) Importer(815301076,1909f56bfc062723c751e8b465ee728b)  -> (artifact id: '43140af485764e4d32e2a57b2a24bd9e') in 0.029937 seconds
  Import took 0.034496 seconds .

========================================================================
Received Import Request.
  Time since last request: 147.867895 seconds.
  path: Assets/Sprites/Border
  artifactKey: Guid(c3265bdef2bb941998ce0b793ba57bc2) Importer(815301076,1909f56bfc062723c751e8b465ee728b)
Start importing Assets/Sprites/Border using Guid(c3265bdef2bb941998ce0b793ba57bc2) Importer(815301076,1909f56bfc062723c751e8b465ee728b)  -> (artifact id: '11a489a4ba93338b07a0cf640939fb05') in 0.001412 seconds
  Import took 0.004998 seconds .

========================================================================
Received Import Request.
  Time since last request: 10.780836 seconds.
  path: Assets/Sprites/Border/Border.cs
  artifactKey: Guid(96a67bda92b7849c791794d3360ce9a7) Importer(815301076,1909f56bfc062723c751e8b465ee728b)
Start importing Assets/Sprites/Border/Border.cs using Guid(96a67bda92b7849c791794d3360ce9a7) Importer(815301076,1909f56bfc062723c751e8b465ee728b)  -> (artifact id: '98b531aa842a56c6faf701c6f25ee530') in 0.592160 seconds
  Import took 0.597048 seconds .

========================================================================
Received Prepare
Registering precompiled user dll's ...
Registered in 0.000829 seconds.
Begin MonoManager ReloadAssembly
Native extension for OSXStandalone target not found
Native extension for WebGL target not found
Refreshing native plugins compatible for Editor in 0.40 ms, found 2 plugins.
Preloading 0 native plugins for Editor in 0.00 ms.
Invoked RoslynAnalysisRunner static constructor.
RoslynAnalysisRunner will not be running.
RoslynAnalysisRunner has terminated.
Mono: successfully reloaded assembly
- Completed reload, in  1.148 seconds
Platform modules already initialized, skipping
Refreshing native plugins compatible for Editor in 0.44 ms, found 2 plugins.
Preloading 0 native plugins for Editor in 0.00 ms.
Unloading 1812 Unused Serialized files (Serialized files now loaded: 0)
System memory in use before: 181.8 MB.
System memory in use after: 181.9 MB.

Unloading 8 unused Assets to reduce memory usage. Loaded Objects now: 2297.
Total: 2.638262 ms (FindLiveObjects: 0.369997 ms CreateObjectMapping: 0.091813 ms MarkObjects: 2.126453 ms  DeleteObjects: 0.048986 ms)

========================================================================
Received Import Request.
  Time since last request: 80.260036 seconds.
  path: Assets/Sprites/Border/Border.cs
  artifactKey: Guid(96a67bda92b7849c791794d3360ce9a7) Importer(815301076,1909f56bfc062723c751e8b465ee728b)
Start importing Assets/Sprites/Border/Border.cs using Guid(96a67bda92b7849c791794d3360ce9a7) Importer(815301076,1909f56bfc062723c751e8b465ee728b)  -> (artifact id: '04633a628308bbef87ee5503f38fc4a6') in 0.019033 seconds
  Import took 0.025427 seconds .

========================================================================
Received Import Request.
  Time since last request: 0.019015 seconds.
  path: Assets/Sprites/Border/Border.cs
  artifactKey: Guid(96a67bda92b7849c791794d3360ce9a7) Importer(815301076,1909f56bfc062723c751e8b465ee728b)
Start importing Assets/Sprites/Border/Border.cs using Guid(96a67bda92b7849c791794d3360ce9a7) Importer(815301076,1909f56bfc062723c751e8b465ee728b)  -> (artifact id: '04633a628308bbef87ee5503f38fc4a6') in 0.001561 seconds
  Import took 0.005554 seconds .

========================================================================
Received Prepare
Registering precompiled user dll's ...
Registered in 0.000885 seconds.
Begin MonoManager ReloadAssembly
Native extension for OSXStandalone target not found
Native extension for WebGL target not found
Refreshing native plugins compatible for Editor in 0.39 ms, found 2 plugins.
Preloading 0 native plugins for Editor in 0.00 ms.
Invoked RoslynAnalysisRunner static constructor.
RoslynAnalysisRunner will not be running.
RoslynAnalysisRunner has terminated.
Mono: successfully reloaded assembly
- Completed reload, in  1.001 seconds
Platform modules already initialized, skipping
Refreshing native plugins compatible for Editor in 0.46 ms, found 2 plugins.
Preloading 0 native plugins for Editor in 0.00 ms.
Unloading 1812 Unused Serialized files (Serialized files now loaded: 0)
System memory in use before: 182.0 MB.
System memory in use after: 182.1 MB.

Unloading 7 unused Assets to reduce memory usage. Loaded Objects now: 2300.
Total: 2.506661 ms (FindLiveObjects: 0.244512 ms CreateObjectMapping: 0.092005 ms MarkObjects: 2.149714 ms  DeleteObjects: 0.019301 ms)

========================================================================
Received Prepare
Registering precompiled user dll's ...
Registered in 0.000515 seconds.
Begin MonoManager ReloadAssembly
Native extension for OSXStandalone target not found
Native extension for WebGL target not found
Refreshing native plugins compatible for Editor in 0.42 ms, found 2 plugins.
Preloading 0 native plugins for Editor in 0.00 ms.
Invoked RoslynAnalysisRunner static constructor.
RoslynAnalysisRunner will not be running.
RoslynAnalysisRunner has terminated.
Mono: successfully reloaded assembly
- Completed reload, in  0.912 seconds
Platform modules already initialized, skipping
Refreshing native plugins compatible for Editor in 0.35 ms, found 2 plugins.
Preloading 0 native plugins for Editor in 0.00 ms.
Unloading 1812 Unused Serialized files (Serialized files now loaded: 0)
System memory in use before: 182.2 MB.
System memory in use after: 182.3 MB.

Unloading 7 unused Assets to reduce memory usage. Loaded Objects now: 2303.
Total: 2.004674 ms (FindLiveObjects: 0.270436 ms CreateObjectMapping: 0.051583 ms MarkObjects: 1.668785 ms  DeleteObjects: 0.012905 ms)

========================================================================
Received Import Request.
  Time since last request: 107.388438 seconds.
  path: Assets/Sprites/Border/Border.cs
  artifactKey: Guid(96a67bda92b7849c791794d3360ce9a7) Importer(815301076,1909f56bfc062723c751e8b465ee728b)
Start importing Assets/Sprites/Border/Border.cs using Guid(96a67bda92b7849c791794d3360ce9a7) Importer(815301076,1909f56bfc062723c751e8b465ee728b)  -> (artifact id: '3350f473d8e93e381360e71a13c0090d') in 0.003769 seconds
  Import took 0.007117 seconds .

========================================================================
Received Import Request.
  Time since last request: 0.000461 seconds.
  path: Assets/Sprites/Border/Border.cs
  artifactKey: Guid(96a67bda92b7849c791794d3360ce9a7) Importer(815301076,1909f56bfc062723c751e8b465ee728b)
Start importing Assets/Sprites/Border/Border.cs using Guid(96a67bda92b7849c791794d3360ce9a7) Importer(815301076,1909f56bfc062723c751e8b465ee728b)  -> (artifact id: '3350f473d8e93e381360e71a13c0090d') in 0.001154 seconds
  Import took 0.004349 seconds .

========================================================================
Received Prepare
Registering precompiled user dll's ...
Registered in 0.000753 seconds.
Begin MonoManager ReloadAssembly
Native extension for OSXStandalone target not found
Native extension for WebGL target not found
Refreshing native plugins compatible for Editor in 0.40 ms, found 2 plugins.
Preloading 0 native plugins for Editor in 0.00 ms.
Invoked RoslynAnalysisRunner static constructor.
RoslynAnalysisRunner will not be running.
RoslynAnalysisRunner has terminated.
Mono: successfully reloaded assembly
- Completed reload, in  0.987 seconds
Platform modules already initialized, skipping
Refreshing native plugins compatible for Editor in 0.29 ms, found 2 plugins.
Preloading 0 native plugins for Editor in 0.00 ms.
Unloading 1812 Unused Serialized files (Serialized files now loaded: 0)
System memory in use before: 182.4 MB.
System memory in use after: 182.5 MB.

Unloading 7 unused Assets to reduce memory usage. Loaded Objects now: 2306.
Total: 1.984815 ms (FindLiveObjects: 0.211403 ms CreateObjectMapping: 0.078416 ms MarkObjects: 1.678158 ms  DeleteObjects: 0.015675 ms)

========================================================================
Received Prepare
Registering precompiled user dll's ...
Registered in 0.001913 seconds.
Begin MonoManager ReloadAssembly
Native extension for OSXStandalone target not found
Native extension for WebGL target not found
Refreshing native plugins compatible for Editor in 0.45 ms, found 2 plugins.
Preloading 0 native plugins for Editor in 0.00 ms.
Invoked RoslynAnalysisRunner static constructor.
RoslynAnalysisRunner will not be running.
RoslynAnalysisRunner has terminated.
Mono: successfully reloaded assembly
- Completed reload, in  0.924 seconds
Platform modules already initialized, skipping
Refreshing native plugins compatible for Editor in 0.37 ms, found 2 plugins.
Preloading 0 native plugins for Editor in 0.00 ms.
Unloading 1812 Unused Serialized files (Serialized files now loaded: 0)
System memory in use before: 182.6 MB.
System memory in use after: 182.7 MB.

Unloading 7 unused Assets to reduce memory usage. Loaded Objects now: 2309.
Total: 2.158082 ms (FindLiveObjects: 0.220972 ms CreateObjectMapping: 0.130060 ms MarkObjects: 1.790319 ms  DeleteObjects: 0.015378 ms)

========================================================================
Received Prepare
Registering precompiled user dll's ...
Registered in 0.001476 seconds.
Begin MonoManager ReloadAssembly
Native extension for OSXStandalone target not found
Native extension for WebGL target not found
Refreshing native plugins compatible for Editor in 0.44 ms, found 2 plugins.
Preloading 0 native plugins for Editor in 0.00 ms.
Invoked RoslynAnalysisRunner static constructor.
RoslynAnalysisRunner will not be running.
RoslynAnalysisRunner has terminated.
Mono: successfully reloaded assembly
- Completed reload, in  1.094 seconds
Platform modules already initialized, skipping
Refreshing native plugins compatible for Editor in 0.30 ms, found 2 plugins.
Preloading 0 native plugins for Editor in 0.00 ms.
Unloading 1812 Unused Serialized files (Serialized files now loaded: 0)
System memory in use before: 182.8 MB.
System memory in use after: 182.9 MB.

Unloading 7 unused Assets to reduce memory usage. Loaded Objects now: 2312.
Total: 2.157102 ms (FindLiveObjects: 0.217326 ms CreateObjectMapping: 0.080311 ms MarkObjects: 1.840321 ms  DeleteObjects: 0.017753 ms)

========================================================================
Received Prepare
Registering precompiled user dll's ...
Registered in 0.000713 seconds.
Begin MonoManager ReloadAssembly
Native extension for OSXStandalone target not found
Native extension for WebGL target not found
Refreshing native plugins compatible for Editor in 0.40 ms, found 2 plugins.
Preloading 0 native plugins for Editor in 0.00 ms.
Invoked RoslynAnalysisRunner static constructor.
RoslynAnalysisRunner will not be running.
RoslynAnalysisRunner has terminated.
Mono: successfully reloaded assembly
- Completed reload, in  0.985 seconds
Platform modules already initialized, skipping
Refreshing native plugins compatible for Editor in 0.29 ms, found 2 plugins.
Preloading 0 native plugins for Editor in 0.00 ms.
Unloading 1812 Unused Serialized files (Serialized files now loaded: 0)
System memory in use before: 183.0 MB.
System memory in use after: 183.1 MB.

Unloading 7 unused Assets to reduce memory usage. Loaded Objects now: 2315.
Total: 2.257174 ms (FindLiveObjects: 0.284170 ms CreateObjectMapping: 0.087712 ms MarkObjects: 1.865682 ms  DeleteObjects: 0.017671 ms)

========================================================================
Received Prepare
Registering precompiled user dll's ...
Registered in 0.000561 seconds.
Begin MonoManager ReloadAssembly
Native extension for OSXStandalone target not found
Native extension for WebGL target not found
Refreshing native plugins compatible for Editor in 0.45 ms, found 2 plugins.
Preloading 0 native plugins for Editor in 0.00 ms.
Invoked RoslynAnalysisRunner static constructor.
RoslynAnalysisRunner will not be running.
RoslynAnalysisRunner has terminated.
Mono: successfully reloaded assembly
- Completed reload, in  0.958 seconds
Platform modules already initialized, skipping
Refreshing native plugins compatible for Editor in 0.30 ms, found 2 plugins.
Preloading 0 native plugins for Editor in 0.00 ms.
Unloading 1812 Unused Serialized files (Serialized files now loaded: 0)
System memory in use before: 183.2 MB.
System memory in use after: 183.2 MB.

Unloading 7 unused Assets to reduce memory usage. Loaded Objects now: 2318.
Total: 2.476411 ms (FindLiveObjects: 0.213708 ms CreateObjectMapping: 0.088267 ms MarkObjects: 2.155741 ms  DeleteObjects: 0.017220 ms)

========================================================================
Received Prepare
Registering precompiled user dll's ...
Registered in 0.000511 seconds.
Begin MonoManager ReloadAssembly
Native extension for OSXStandalone target not found
Native extension for WebGL target not found
Refreshing native plugins compatible for Editor in 0.40 ms, found 2 plugins.
Preloading 0 native plugins for Editor in 0.00 ms.
Invoked RoslynAnalysisRunner static constructor.
RoslynAnalysisRunner will not be running.
RoslynAnalysisRunner has terminated.
Mono: successfully reloaded assembly
- Completed reload, in  1.066 seconds
Platform modules already initialized, skipping
Refreshing native plugins compatible for Editor in 0.30 ms, found 2 plugins.
Preloading 0 native plugins for Editor in 0.00 ms.
Unloading 1812 Unused Serialized files (Serialized files now loaded: 0)
System memory in use before: 183.4 MB.
System memory in use after: 183.5 MB.

Unloading 7 unused Assets to reduce memory usage. Loaded Objects now: 2321.
Total: 2.104702 ms (FindLiveObjects: 0.178212 ms CreateObjectMapping: 0.063101 ms MarkObjects: 1.847010 ms  DeleteObjects: 0.014457 ms)

========================================================================
Received Prepare
Registering precompiled user dll's ...
Registered in 0.001553 seconds.
Begin MonoManager ReloadAssembly
Native extension for OSXStandalone target not found
Native extension for WebGL target not found
Refreshing native plugins compatible for Editor in 0.44 ms, found 2 plugins.
Preloading 0 native plugins for Editor in 0.00 ms.
Invoked RoslynAnalysisRunner static constructor.
RoslynAnalysisRunner will not be running.
RoslynAnalysisRunner has terminated.
Mono: successfully reloaded assembly
- Completed reload, in  1.060 seconds
Platform modules already initialized, skipping
Refreshing native plugins compatible for Editor in 0.47 ms, found 2 plugins.
Preloading 0 native plugins for Editor in 0.00 ms.
Unloading 1812 Unused Serialized files (Serialized files now loaded: 0)
System memory in use before: 183.5 MB.
System memory in use after: 183.6 MB.

Unloading 7 unused Assets to reduce memory usage. Loaded Objects now: 2324.
Total: 4.173775 ms (FindLiveObjects: 0.475630 ms CreateObjectMapping: 0.202475 ms MarkObjects: 3.467388 ms  DeleteObjects: 0.025711 ms)

========================================================================
Received Prepare
Registering precompiled user dll's ...
Registered in 0.000552 seconds.
Begin MonoManager ReloadAssembly
Native extension for OSXStandalone target not found
Native extension for WebGL target not found
Refreshing native plugins compatible for Editor in 0.43 ms, found 2 plugins.
Preloading 0 native plugins for Editor in 0.00 ms.
Invoked RoslynAnalysisRunner static constructor.
RoslynAnalysisRunner will not be running.
RoslynAnalysisRunner has terminated.
Mono: successfully reloaded assembly
- Completed reload, in  1.038 seconds
Platform modules already initialized, skipping
Refreshing native plugins compatible for Editor in 0.33 ms, found 2 plugins.
Preloading 0 native plugins for Editor in 0.00 ms.
Unloading 1813 Unused Serialized files (Serialized files now loaded: 0)
System memory in use before: 183.8 MB.
System memory in use after: 183.9 MB.

Unloading 7 unused Assets to reduce memory usage. Loaded Objects now: 2328.
Total: 1.977104 ms (FindLiveObjects: 0.206949 ms CreateObjectMapping: 0.065164 ms MarkObjects: 1.683660 ms  DeleteObjects: 0.020353 ms)

========================================================================
Received Import Request.
  Time since last request: 285.233338 seconds.
  path: Assets/Scripts/UI Manager.cs
  artifactKey: Guid(d7ba4e7eeb1144bd79f36683a238898a) Importer(815301076,1909f56bfc062723c751e8b465ee728b)
Start importing Assets/Scripts/UI Manager.cs using Guid(d7ba4e7eeb1144bd79f36683a238898a) Importer(815301076,1909f56bfc062723c751e8b465ee728b)  -> (artifact id: 'd6ed58bc411052ea085ac02cacb39c46') in 0.010623 seconds
  Import took 0.016275 seconds .

========================================================================
Received Prepare
Registering precompiled user dll's ...
Registered in 0.000860 seconds.
Begin MonoManager ReloadAssembly
Native extension for OSXStandalone target not found
Native extension for WebGL target not found
Refreshing native plugins compatible for Editor in 0.41 ms, found 2 plugins.
Preloading 0 native plugins for Editor in 0.00 ms.
Invoked RoslynAnalysisRunner static constructor.
RoslynAnalysisRunner will not be running.
RoslynAnalysisRunner has terminated.
Mono: successfully reloaded assembly
- Completed reload, in  1.034 seconds
Platform modules already initialized, skipping
Refreshing native plugins compatible for Editor in 0.31 ms, found 2 plugins.
Preloading 0 native plugins for Editor in 0.00 ms.
Unloading 1812 Unused Serialized files (Serialized files now loaded: 0)
System memory in use before: 183.9 MB.
System memory in use after: 184.0 MB.

Unloading 8 unused Assets to reduce memory usage. Loaded Objects now: 2330.
Total: 2.179345 ms (FindLiveObjects: 0.269325 ms CreateObjectMapping: 0.125149 ms MarkObjects: 1.753949 ms  DeleteObjects: 0.029887 ms)

========================================================================
Received Import Request.
  Time since last request: 16.355663 seconds.
  path: Assets/Scripts/UIManage.cs
  artifactKey: Guid(543a51e5ada794a30b015f5a834c313b) Importer(815301076,1909f56bfc062723c751e8b465ee728b)
Start importing Assets/Scripts/UIManage.cs using Guid(543a51e5ada794a30b015f5a834c313b) Importer(815301076,1909f56bfc062723c751e8b465ee728b)  -> (artifact id: '2b1af33e317bb54ee9231604587af349') in 0.006988 seconds
  Import took 0.046318 seconds .

========================================================================
Received Prepare
Registering precompiled user dll's ...
Registered in 0.000877 seconds.
Begin MonoManager ReloadAssembly
Native extension for OSXStandalone target not found
Native extension for WebGL target not found
Refreshing native plugins compatible for Editor in 0.41 ms, found 2 plugins.
Preloading 0 native plugins for Editor in 0.00 ms.
Invoked RoslynAnalysisRunner static constructor.
RoslynAnalysisRunner will not be running.
RoslynAnalysisRunner has terminated.
Mono: successfully reloaded assembly
- Completed reload, in  1.118 seconds
Platform modules already initialized, skipping
Refreshing native plugins compatible for Editor in 0.40 ms, found 2 plugins.
Preloading 0 native plugins for Editor in 0.00 ms.
Unloading 1813 Unused Serialized files (Serialized files now loaded: 0)
System memory in use before: 184.5 MB.
System memory in use after: 184.6 MB.

Unloading 7 unused Assets to reduce memory usage. Loaded Objects now: 2334.
Total: 2.075057 ms (FindLiveObjects: 0.210595 ms CreateObjectMapping: 0.069746 ms MarkObjects: 1.774386 ms  DeleteObjects: 0.019210 ms)

========================================================================
Received Prepare
Registering precompiled user dll's ...
Registered in 0.000852 seconds.
Begin MonoManager ReloadAssembly
Native extension for OSXStandalone target not found
Native extension for WebGL target not found
Refreshing native plugins compatible for Editor in 0.40 ms, found 2 plugins.
Preloading 0 native plugins for Editor in 0.00 ms.
Invoked RoslynAnalysisRunner static constructor.
RoslynAnalysisRunner will not be running.
RoslynAnalysisRunner has terminated.
Mono: successfully reloaded assembly
- Completed reload, in  1.143 seconds
Platform modules already initialized, skipping
Refreshing native plugins compatible for Editor in 0.36 ms, found 2 plugins.
Preloading 0 native plugins for Editor in 0.00 ms.
Unloading 1813 Unused Serialized files (Serialized files now loaded: 0)
System memory in use before: 184.7 MB.
System memory in use after: 184.8 MB.

Unloading 7 unused Assets to reduce memory usage. Loaded Objects now: 2337.
Total: 3.360234 ms (FindLiveObjects: 0.368163 ms CreateObjectMapping: 0.142120 ms MarkObjects: 2.814719 ms  DeleteObjects: 0.033959 ms)

========================================================================
Received Import Request.
  Time since last request: 167.376944 seconds.
  path: Assets/Scenes/DesignScene.unity
  artifactKey: Guid(d9da0af315cbe432e8be6b8192f18f4c) Importer(815301076,1909f56bfc062723c751e8b465ee728b)
Start importing Assets/Scenes/DesignScene.unity using Guid(d9da0af315cbe432e8be6b8192f18f4c) Importer(815301076,1909f56bfc062723c751e8b465ee728b)  -> (artifact id: '4f7b39834554d0297f6d039a8f8b8296') in 0.013264 seconds
  Import took 0.017549 seconds .

========================================================================
Received Import Request.
  Time since last request: 21.956881 seconds.
  path: Assets/Scenes/StartScene.unity
  artifactKey: Guid(86c0a5d0ffea74ec5bb73d892932c33f) Importer(815301076,1909f56bfc062723c751e8b465ee728b)
Start importing Assets/Scenes/StartScene.unity using Guid(86c0a5d0ffea74ec5bb73d892932c33f) Importer(815301076,1909f56bfc062723c751e8b465ee728b)  -> (artifact id: '3f53fb069e662d746c2696dd1471f590') in 0.002896 seconds
  Import took 0.009678 seconds .

========================================================================
Received Import Request.
  Time since last request: 10.884273 seconds.
  path: Assets/Scripts/Tweener.cs
  artifactKey: Guid(d02e20b8f24204c499968bd654e9baff) Importer(815301076,1909f56bfc062723c751e8b465ee728b)
Start importing Assets/Scripts/Tweener.cs using Guid(d02e20b8f24204c499968bd654e9baff) Importer(815301076,1909f56bfc062723c751e8b465ee728b)  -> (artifact id: '23ef57287bd4481891483c812469dc26') in 0.007733 seconds
  Import took 0.011775 seconds .

========================================================================
Received Import Request.
  Time since last request: 0.318973 seconds.
  path: Assets/Scripts/Tween.cs
  artifactKey: Guid(e2ca07a501a8441f684a149da0cec131) Importer(815301076,1909f56bfc062723c751e8b465ee728b)
Start importing Assets/Scripts/Tween.cs using Guid(e2ca07a501a8441f684a149da0cec131) Importer(815301076,1909f56bfc062723c751e8b465ee728b)  -> (artifact id: '90e228e54fd17568f5b2e56f5790bc7e') in 0.001927 seconds
  Import took 0.005735 seconds .

========================================================================
Received Import Request.
  Time since last request: 0.674456 seconds.
  path: Assets/Scripts/UIManage.cs
  artifactKey: Guid(543a51e5ada794a30b015f5a834c313b) Importer(815301076,1909f56bfc062723c751e8b465ee728b)
Start importing Assets/Scripts/UIManage.cs using Guid(543a51e5ada794a30b015f5a834c313b) Importer(815301076,1909f56bfc062723c751e8b465ee728b)  -> (artifact id: 'e3375c73bd184192bb9af72053d20077') in 0.001548 seconds
  Import took 0.005260 seconds .

========================================================================
Received Prepare
Registering precompiled user dll's ...
Registered in 0.000625 seconds.
Begin MonoManager ReloadAssembly
Native extension for OSXStandalone target not found
Native extension for WebGL target not found
Refreshing native plugins compatible for Editor in 0.47 ms, found 2 plugins.
Preloading 0 native plugins for Editor in 0.00 ms.
Invoked RoslynAnalysisRunner static constructor.
RoslynAnalysisRunner will not be running.
RoslynAnalysisRunner has terminated.
Mono: successfully reloaded assembly
- Completed reload, in  1.000 seconds
Platform modules already initialized, skipping
Refreshing native plugins compatible for Editor in 0.37 ms, found 2 plugins.
Preloading 0 native plugins for Editor in 0.00 ms.
Unloading 1813 Unused Serialized files (Serialized files now loaded: 0)
System memory in use before: 184.9 MB.
System memory in use after: 185.0 MB.

Unloading 7 unused Assets to reduce memory usage. Loaded Objects now: 2340.
Total: 1.997780 ms (FindLiveObjects: 0.211750 ms CreateObjectMapping: 0.061225 ms MarkObjects: 1.710442 ms  DeleteObjects: 0.013539 ms)

========================================================================
Received Import Request.
  Time since last request: 12.081576 seconds.
  path: Assets/Scripts/UIManage.cs
  artifactKey: Guid(543a51e5ada794a30b015f5a834c313b) Importer(815301076,1909f56bfc062723c751e8b465ee728b)
Start importing Assets/Scripts/UIManage.cs using Guid(543a51e5ada794a30b015f5a834c313b) Importer(815301076,1909f56bfc062723c751e8b465ee728b)  -> (artifact id: '8aa530881920236574c5cb962682bc68') in 0.005657 seconds
  Import took 0.011904 seconds .

========================================================================
Received Prepare
Registering precompiled user dll's ...
Registered in 0.001103 seconds.
Begin MonoManager ReloadAssembly
Native extension for OSXStandalone target not found
Native extension for WebGL target not found
Refreshing native plugins compatible for Editor in 0.50 ms, found 2 plugins.
Preloading 0 native plugins for Editor in 0.00 ms.
Invoked RoslynAnalysisRunner static constructor.
RoslynAnalysisRunner will not be running.
RoslynAnalysisRunner has terminated.
Mono: successfully reloaded assembly
- Completed reload, in  0.970 seconds
Platform modules already initialized, skipping
Refreshing native plugins compatible for Editor in 0.52 ms, found 2 plugins.
Preloading 0 native plugins for Editor in 0.00 ms.
Unloading 1813 Unused Serialized files (Serialized files now loaded: 0)
System memory in use before: 185.1 MB.
System memory in use after: 185.2 MB.

Unloading 7 unused Assets to reduce memory usage. Loaded Objects now: 2343.
Total: 2.038353 ms (FindLiveObjects: 0.289297 ms CreateObjectMapping: 0.061878 ms MarkObjects: 1.672769 ms  DeleteObjects: 0.013703 ms)

========================================================================
Received Prepare
Registering precompiled user dll's ...
Registered in 0.001590 seconds.
Begin MonoManager ReloadAssembly
Native extension for OSXStandalone target not found
Native extension for WebGL target not found
Refreshing native plugins compatible for Editor in 0.80 ms, found 2 plugins.
Preloading 0 native plugins for Editor in 0.00 ms.
Invoked RoslynAnalysisRunner static constructor.
RoslynAnalysisRunner will not be running.
RoslynAnalysisRunner has terminated.
Mono: successfully reloaded assembly
- Completed reload, in  1.311 seconds
Platform modules already initialized, skipping
Refreshing native plugins compatible for Editor in 0.42 ms, found 2 plugins.
Preloading 0 native plugins for Editor in 0.00 ms.
Unloading 1813 Unused Serialized files (Serialized files now loaded: 0)
System memory in use before: 185.3 MB.
System memory in use after: 185.4 MB.

Unloading 7 unused Assets to reduce memory usage. Loaded Objects now: 2346.
Total: 2.121995 ms (FindLiveObjects: 0.221858 ms CreateObjectMapping: 0.073088 ms MarkObjects: 1.807420 ms  DeleteObjects: 0.017322 ms)

